[rjwfoundation.org/index.html]
[backblue.gif]
[fade.gif]
[index.html]
[rjwfoundation.org/manifest.webmanifest]
[rjwfoundation.org/sw.js]
[rjwfoundation.org/our-mission.html]
[rjwfoundation.org/focused-demographic.html]
[rjwfoundation.org/our-team.html]
[rjwfoundation.org/impact-statement.html]
[rjwfoundation.org/medical-research.html]
[rjwfoundation.org/donate-today.html]
[rjwfoundation.org/contact-rjw.html]
[rjwfoundation.org/privacy-policy.html]
[rjwfoundation.org/terms-&-conditions.html]
[rjwfoundation.org/index.html]
[rjwfoundation.org/our-mission.html]
[rjwfoundation.org/focused-demographic.html]
[rjwfoundation.org/our-team.html]
[rjwfoundation.org/impact-statement.html]
[rjwfoundation.org/medical-research.html]
[rjwfoundation.org/donate-today.html]
[rjwfoundation.org/contact-rjw.html]
[rjwfoundation.org/privacy-policy.html]
[rjwfoundation.org/terms-&-conditions.html]
[rjwfoundation.org/donor-bill-of-rights.html]
[rjwfoundation.org/donor-bill-of-rights.html]
